<?xml version="1.0" encoding="UTF-8"?>
<testsuite xmlns:xsi="http://www.w3.org/2001/XMLSchema-instance" xsi:noNamespaceSchemaLocation="https://maven.apache.org/surefire/maven-surefire-plugin/xsd/surefire-test-report.xsd" name="com.moviebookingapp.controller.ControllerTest" time="2.564" tests="2" errors="0" skipped="0" failures="0">
  <properties>
[...]
</properties>
  <testcase name="loginTest" classname="com.moviebookingapp.controller.ControllerTest" time="0.067"/>
  <testcase name="loginTestFailed" classname="com.moviebookingapp.controller.ControllerTest" time="0.004"/>
</testsuite>